Case #1: 0 0 0 0 0
Case #2: IMPOSSIBLE
Case #3: 1 0 0 1 0
Case #4: 0 1 0
Case #5: 2 3 0 3 2 3 2 3 2 3
Case #6: 2 2 1 2 2 2 2 2 3 2 2 3 2 1 2 3 2 2 3 2 2 2 2 2 2 2 2 2 3 1 2 2 1 2 2 4 3 2 2 1 2 3 3 3 2 3 3 2 1 2 0 3
Case #7: 4 4 6 5 6 4 0 5 5 5 5 6 8 5 4 4
Case #8: IMPOSSIBLE
Case #9: IMPOSSIBLE
Case #10: IMPOSSIBLE
Case #11: 2 2 2 3 2 2 2 4 0 1 2 2 3 2 3 3 3 2 2 2 4 4 1 2 2 2 2 3 2 2 3 2
Case #12: IMPOSSIBLE
Case #13: IMPOSSIBLE
Case #14: 5 3 3 4 4 3 4 4 3 2 3 3 3 3 3 5 0 2 4 4 5 4
Case #15: IMPOSSIBLE
Case #16: 8 0 5 7
Case #17: 6 9 7 8 9 0 8 9 8 5
Case #18: IMPOSSIBLE
Case #19: 3 2 2 4 0 3
Case #20: 3 3 2 2 0 3 3 3 2 4 3 2 3 4 3 3 3 3 3 3 2
Case #21: 2 3 5 2 2 4 3 4 3 3 3 3 3 4 0 5 3 4 3 4 2 3 5 2 3 3 3 3
Case #22: 0 20
Case #23: IMPOSSIBLE
Case #24: IMPOSSIBLE
Case #25: IMPOSSIBLE
Case #26: IMPOSSIBLE
Case #27: IMPOSSIBLE
Case #28: IMPOSSIBLE
Case #29: IMPOSSIBLE
Case #30: IMPOSSIBLE
Case #31: 4 4 4 6 5 0 7 5 6 5 5 6 4
Case #32: IMPOSSIBLE
Case #33: IMPOSSIBLE
Case #34: 4 3 3 3 5 0 2 3 5 3 3 4 5 6 4 5 5 3 3 3 3 5
Case #35: IMPOSSIBLE
Case #36: IMPOSSIBLE
Case #37: 4 4 3 5 3 3 3 3 2 3 3 3 3 3 0 3 4 4 4 3
Case #38: IMPOSSIBLE
Case #39: 4 5 4 5 5 5 5 4 5 5 8 3 3 5 5 4 4 6 5 4 0
Case #40: IMPOSSIBLE
Case #41: IMPOSSIBLE
Case #42: 2 2 2 3 3 3 2 3 4 3 2 2 3 2 2 2 0 3 2 3 2 2 3 2 4 2 4 3 1 2 2 4 2 3
Case #43: IMPOSSIBLE
Case #44: IMPOSSIBLE
Case #45: IMPOSSIBLE
Case #46: IMPOSSIBLE
Case #47: IMPOSSIBLE
Case #48: 2 2 2 2 3 3 2 2 1 3 2 2 2 2 3 2 2 2 2 3 3 2 2 2 2 2 2 2 3 2 2 2 2 2 2 2 2 2 3 2 1 4 2 3 1 2 2 2 2 0 2 2 2
Case #49: IMPOSSIBLE
Case #50: IMPOSSIBLE
Case #51: 5 5 6 6 7 5 0 6 6
Case #52: 24 22 18 0
Case #53: IMPOSSIBLE
Case #54: 1 1 2 2 1 0 1 1
Case #55: IMPOSSIBLE
Case #56: IMPOSSIBLE
Case #57: IMPOSSIBLE
Case #58: IMPOSSIBLE
Case #59: IMPOSSIBLE
Case #60: IMPOSSIBLE
Case #61: IMPOSSIBLE
Case #62: 11 10 9 0 10 10 9 11 7
Case #63: IMPOSSIBLE
Case #64: IMPOSSIBLE
Case #65: IMPOSSIBLE
Case #66: IMPOSSIBLE
Case #67: IMPOSSIBLE
Case #68: 2 2 1 2 2 1 2 2 2 2 2 2 2 1 2 2 2 2 1 1 1 2 2 2 2 3 2 3 0 2 2 3 3 3 2 2 2 1 2
Case #69: IMPOSSIBLE
Case #70: IMPOSSIBLE
Case #71: IMPOSSIBLE
Case #72: IMPOSSIBLE
Case #73: 3 3 5 4 3 4 6 3 3 0 3 3 4 3 3 3 4 5 4 5 4 4 3
Case #74: IMPOSSIBLE
Case #75: IMPOSSIBLE
Case #76: IMPOSSIBLE
Case #77: IMPOSSIBLE
Case #78: IMPOSSIBLE
Case #79: IMPOSSIBLE
Case #80: IMPOSSIBLE
Case #81: IMPOSSIBLE
Case #82: IMPOSSIBLE
Case #83: IMPOSSIBLE
Case #84: IMPOSSIBLE
Case #85: IMPOSSIBLE
Case #86: IMPOSSIBLE
Case #87: IMPOSSIBLE
Case #88: IMPOSSIBLE
Case #89: IMPOSSIBLE
Case #90: IMPOSSIBLE
Case #91: 2 2 2 3 3 2 2 1 2 3 2 2 1 2 2 2 4 3 2 3 2 1 2 2 3 2 2 3 2 2 2 2 2 0 2 4 2 2
Case #92: IMPOSSIBLE
Case #93: IMPOSSIBLE
Case #94: IMPOSSIBLE
Case #95: IMPOSSIBLE
Case #96: IMPOSSIBLE
Case #97: 3 2 3 2 3 5 3 2 4 3 2 3 3 3 0 4 3 3 3 4 2 4 3 2 3 4 4 3 2 3
Case #98: IMPOSSIBLE
Case #99: IMPOSSIBLE
Case #100: IMPOSSIBLE
