Case #1: 1 12 1100
Case #2: 3 4 300
Case #3: IMPOSSIBLE
Case #4: 1 9 512
Case #5: 11 12 4000
Case #6: 2 12 1158
Case #7: 7 11 3000
Case #8: 4 9 110670
Case #9: 6 12 9087
Case #10: 8 9 3604
Case #11: 9 12 1521
Case #12: 1 2 1038
Case #13: 5 9 2354
Case #14: 10 11 876
Case #15: 9 12 61143
Case #16: 6 8 1746
Case #17: 5 7 171
Case #18: 11 12 4160
Case #19: 11 12 1060
Case #20: 8 11 408
Case #21: 2 12 15435
Case #22: 5 7 860
Case #23: 10 11 13140
Case #24: 7 11 6757
Case #25: 3 6 2865
Case #26: 7 12 35960
Case #27: 7 12 11178
Case #28: 3 4 2744
Case #29: 10 11 2080
Case #30: 6 10 8268
Case #31: 5 10 4176
Case #32: 8 12 4332
Case #33: 8 10 895
Case #34: 6 7 72360
Case #35: 8 12 1547
Case #36: 6 10 1752
Case #37: 11 12 5460
Case #38: 1 2 3792
Case #39: 4 9 594
Case #40: 9 12 6048
Case #41: 8 12 3440
Case #42: 9 10 100845
Case #43: 11 12 740
Case #44: 8 9 3318
Case #45: 5 7 2756
Case #46: 3 5 2460
Case #47: 2 10 21948
Case #48: 5 6 1496
Case #49: 3 12 1065
Case #50: 9 11 2280
Case #51: 4 7 5928
Case #52: 11 12 3135
Case #53: 7 11 8190
Case #54: 3 6 19764
Case #55: 9 10 4275
Case #56: 5 7 4340
Case #57: 1 10 1086
Case #58: 6 7 1408
Case #59: 10 11 1680
Case #60: 5 10 17155
Case #61: 3 6 2530
Case #62: 9 12 16353
Case #63: 5 8 564
Case #64: 6 11 2024
Case #65: 6 7 8284
Case #66: 11 12 6745
Case #67: 6 11 3192
Case #68: 4 10 1312
Case #69: 6 9 19500
Case #70: 6 8 9126
Case #71: 2 10 2828
Case #72: 2 12 985
Case #73: 8 11 1120
Case #74: 9 12 20090
Case #75: 1 3 6110
Case #76: 1 9 334
Case #77: 4 10 1158
Case #78: 5 7 3536
Case #79: 4 12 11662
Case #80: 3 4 3116
Case #81: 9 12 7840
Case #82: 10 12 2950
Case #83: 8 11 20076
Case #84: 1 11 2730
Case #85: 9 10 1740
Case #86: 6 10 2486
Case #87: 5 10 3895
Case #88: 1 6 4140
Case #89: 10 11 5376
Case #90: 4 5 1521
Case #91: 5 9 11988
Case #92: 4 6 45942
Case #93: 8 9 2604
Case #94: 1 11 1105
Case #95: 10 11 602
Case #96: 3 5 13776
Case #97: 6 9 1903
Case #98: 8 11 1182
Case #99: 11 12 13216
Case #100: 5 9 366
Case #101: 11 12 23230
Case #102: 3 12 798
Case #103: 8 12 628
Case #104: 1 9 2052
Case #105: 4 12 15444
Case #106: 10 11 4717
Case #107: 5 7 1002
Case #108: 2 8 5382
Case #109: 6 9 15246
Case #110: 5 9 11088
Case #111: 9 11 2156
Case #112: 7 9 112344
Case #113: 5 11 810
Case #114: 5 10 704
Case #115: 3 8 12420
Case #116: 1 3 2200
Case #117: 2 8 4884
Case #118: 7 8 1818
Case #119: 1 6 230
Case #120: 6 7 4577
Case #121: 5 8 5940
Case #122: 1 5 660
Case #123: 8 9 4809
Case #124: 4 11 1989
Case #125: 9 11 2886
Case #126: 6 9 1000
Case #127: 8 11 4272
Case #128: 5 9 2190
Case #129: 11 12 4238
Case #130: 1 7 103966
Case #131: 6 11 3220
Case #132: 1 7 3910
Case #133: 4 10 3315
Case #134: 4 10 9585
Case #135: 6 7 4480
Case #136: 7 10 1960
Case #137: 6 7 1683
Case #138: 9 12 9963
Case #139: 9 11 1168
Case #140: 4 11 5175
Case #141: 10 12 43990
Case #142: 10 11 6372
Case #143: 3 9 7072
Case #144: 11 12 14012
Case #145: 4 7 1188
Case #146: 8 12 5100
Case #147: 4 10 1991
Case #148: 11 12 32178
Case #149: 8 9 7224
Case #150: 7 8 1320
Case #151: 10 12 5790
Case #152: 3 12 34444
Case #153: 9 11 54834
Case #154: 4 7 1062
Case #155: 11 12 4400
Case #156: 5 9 5920
Case #157: 1 5 5278
Case #158: 7 8 1158
Case #159: 11 12 891
Case #160: 3 9 1899
Case #161: 1 4 81982
Case #162: 8 12 15008
Case #163: 7 8 1688
Case #164: 2 11 53580
Case #165: 1 2 1656
Case #166: 5 11 2180
Case #167: 4 11 985
Case #168: 1 10 2743
Case #169: 8 11 910
Case #170: 11 12 7040
Case #171: 6 9 17927
Case #172: 5 12 812
Case #173: 11 12 3538
Case #174: 10 11 504
Case #175: 6 11 11792
Case #176: 5 9 477
Case #177: 11 12 2899
Case #178: 6 7 8251
Case #179: 5 9 7161
Case #180: 11 12 1428
Case #181: 2 3 3488
Case #182: 7 9 255
Case #183: 8 11 7230
Case #184: 5 6 1472
Case #185: 2 3 1491
Case #186: 10 12 2574
Case #187: 10 12 645
Case #188: 1 12 1211
Case #189: 1 7 5850
Case #190: 2 4 9717
Case #191: 4 10 2688
Case #192: 6 7 12087
Case #193: 9 12 1215
Case #194: 6 11 29250
Case #195: 1 10 2940
Case #196: 9 11 7616
Case #197: 10 11 1547
Case #198: 7 11 2772
Case #199: 7 11 2134
Case #200: 7 10 2656
