Case #1: 
0.3993
0.4
0.489
0.5
0.9702
Case #2: 
0.11075
0.23363
0.97527
0.1
0.225
Case #3: 
0.35
0.3613
0.4
0.40182
0.4043
0.44
0.45654
0.46967
0.47546
0.523
0.5909
0.6
0.6206
0.63886
0.66
0.13675
0.17636
0.177
0.2
0.21475
0.22
0.2217
0.77778
0.77882
0.79247
0.8
0.8642
0.04
0.05819
0.05942
0.06846
0.07365
0.25926
0.25961
0.26655
0.27621
0.28292
0.2841
0.70371
0.95355
0.23457
0.30865
0.67902
0.75309
0.90124
0.908
0.91088
0.98673
0.25345
0.67426
0.99177
0.9923
0.99309
0.99491
0.66941
0.67627
0.69273
0.76681
0.76817
0.92319
0.96434
0.22543
0.23366
0.30544
0.67536
0.29645
0.75279
0.07722
0.11075
0.33293
0.69172
0.98775
0.99993
0.02472
0.23363
0.32925
0.70358
0.75205
0.97407
0.99175
0.24794
0.29908
0.69455
0.90119
0.92307
0.97435
0.76636
0.00288
0.0988
0.29641
0.88924
0.75033
0.88982
0.77641
0.325
0.775
0.75
0.9
0.075
0.225
Case #4: 
0.4
0.417
0.5
0.50004
0.5293
0.62414
0.11112
0.2
0.22
0.77778
0.8277
0.84
0.8481
0.85631
0.86371
0.04172
0.05886
0.06011
0.07028
0.2597
0.26
0.28416
0.92593
0.75309
0.07902
0.89301
0.99479
0.076
0.22313
0.30544
0.67811
0.92502
0.30468
0.70341
0.96326
0.11101
0.67038
0.74202
0.02472
0.75205
0.00824
0.02592
0.24794
0.67074
0.74119
0.97161
0.03673
0.22358
0.23182
0.97527
0.3
0.675
0.7
0.9
0.975
0.025
Case #5: 
0.749
0.29908
0.67074
0.25099
0.29641
Case #6: 
0.925
0.3
0.775
0.1
0.9
Case #7: 
0.506
0.78252
0.82889
0.842
0.03876
Case #8: 
0.34105
0.4
0.435
0.51949
0.63
0.18
0.19
0.2203
0.78479
0.8353
0.86444
0.86834
0.05886
0.25926
0.26501
0.70371
0.716
0.71751
0.92593
0.93481
0.09734
0.30865
0.6809
0.97531
0.10289
0.25103
0.77
0.22392
0.23186
0.32236
0.33059
0.66941
0.70099
0.89027
0.07475
0.10197
0.22268
0.2588
0.30499
0.30544
0.88935
0.96343
0.10991
0.76848
0.96416
0.25616
0.98775
0.75205
0.33058
0.67074
0.74383
0.74454
0.0988
0.91634
0.97527
0.08515
0.925
0.3
0.1
0.25
0.675
0.025
Case #9: 
0.122
0.13
0.8405
0.27
0.698
Case #10: 
0.56048
0.60944
0.18303
0.80349
0.86814
Case #11: 
0.369
0.41772
0.42
0.431
0.531
0.54
0.54453
0.55174
0.56574
0.5667
0.58931
0.6146
0.62517
0.63707
0.64566
0.11112
0.1147
0.138
0.16899
0.169
0.19732
0.21636
0.77778
0.7935
0.8
0.8099
0.8277
0.8367
0.86
0.88757
0.04616
0.06571
0.25926
0.26318
0.26553
0.29
0.70371
0.71
0.92593
0.92883
0.95274
0.96183
0.014
0.23457
0.7545
0.762
0.00658
0.08064
0.227
0.30042
0.69548
0.77054
0.89301
0.89432
0.24829
0.76817
0.89851
0.9974
0.2588
0.29954
0.30544
0.67811
0.99909
0.69152
0.69517
0.76848
0.96326
0.96678
0.98873
0.23417
0.25616
0.25886
0.67617
0.67801
0.98775
0.32925
0.00824
0.02592
0.23151
0.24794
0.29908
0.32469
0.67074
0.74454
0.90119
0.07692
0.0988
0.23182
0.25099
0.29641
0.02564
0.08515
0.75033
0.77641
0.925
0.3
0.325
0.775
0.1
0.7
Case #12: 
0.35094
0.40273
0.42757
0.44899
0.47481
0.50275
0.50839
0.52311
0.55714
0.55801
0.55903
0.61198
0.63782
0.66152
0.11538
0.12661
0.16511
0.17386
0.18534
0.18955
0.77941
0.78614
0.82146
0.83115
0.27052
0.72895
0.93358
0.95817
0.08693
0.68052
0.98667
0.30248
0.77066
0.29805
0.33115
0.66941
0.76817
0.11059
0.23132
0.24738
0.2588
0.30544
0.70032
0.96326
0.11075
0.25616
0.02838
0.08365
0.23363
0.32925
0.70358
0.749
0.75205
0.96665
0.97407
0.99175
0.00824
0.02592
0.23151
0.24794
0.29908
0.33058
0.67074
0.74119
0.74454
0.90119
0.91484
0.92307
0.97161
0.97435
0.99711
0.03673
0.22358
0.24966
0.76636
0.07692
0.23182
0.25099
0.25545
0.29641
0.88924
0.91634
0.08515
0.75033
0.70091
0.77641
0.925
0.3
0.325
0.775
0.1
0.25
0.675
0.7
0.75
0.9
0.975
0.075
0.225
0.025
Case #13: 
0.35
0.35005
0.3704
0.38907
0.4
0.4318
0.45
0.46499
0.482
0.50043
0.521
0.5264
0.53056
0.548
0.59154
0.6
0.6019
0.61
0.11112
0.114
0.13433
0.13652
0.18519
0.204
0.22
0.77778
0.88011
0.25926
0.2607
0.2757
0.28334
0.29
0.92593
0.92672
0.92712
0.02238
0.023
0.23457
0.67902
0.69
0.75309
0.7535
0.7545
0.7566
0.764
0.90124
0.91
0.25309
0.69548
0.748
0.89301
0.96708
0.701
0.70197
0.70201
0.76681
0.76817
0.10746
0.25588
0.30544
0.74943
0.89209
0.23061
0.23152
0.24707
0.32115
0.96326
0.99154
0.11075
0.23051
0.76945
0.08365
0.23363
0.32925
0.70358
0.97407
0.08631
0.23151
0.33058
0.67074
0.74119
0.90119
0.91484
0.92307
0.97161
0.03673
0.24966
0.00288
0.07692
0.0988
0.29641
0.88924
0.70091
0.925
0.3
0.675
0.7
0.75
0.9
0.075
Case #14: 
0.25616
0.97527
0.1
0.225
0.025
Case #15: 
0.4019
0.5
0.582
0.59
0.8
Case #16: 
0.49053
0.01976
0.90913
0.32608
0.25694
Case #17: 
0.36
0.1235
0.9068
0.1
0.9
Case #18: 
0.34656
0.35237
0.3685
0.3704
0.37366
0.412
0.44
0.442
0.4875
0.49017
0.5
0.5078
0.55
0.5608
0.615
0.62581
0.63536
0.63699
0.64713
0.11112
0.14
0.15059
0.16822
0.77778
0.7819
0.8
0.84115
0.8551
0.86086
0.88322
0.07109
0.25926
0.26075
0.28765
0.29095
0.294
0.70371
0.70404
0.9471
0.94992
0.02096
0.02152
0.09715
0.23457
0.23929
0.30865
0.67902
0.90124
0.91299
0.30252
0.74486
0.74876
0.97109
0.035
0.10014
0.3237
0.75035
0.76817
0.98903
0.11021
0.30544
0.23061
0.23152
0.30011
0.74916
0.76848
0.90093
0.966
0.11075
0.30489
0.67495
0.74476
0.90083
0.98775
0.02472
0.08365
0.70358
0.97407
0.99175
0.00824
0.02592
0.23151
0.33058
0.67074
0.74485
0.91484
0.03673
0.22358
0.00288
0.07692
0.25099
0.01224
0.02564
0.08515
0.75033
0.3
0.775
0.1
0.675
0.7
Case #19: 
0.33595
0.34076
0.37
0.38045
0.382
0.385
0.39546
0.4
0.402
0.40354
0.42164
0.4311
0.43981
0.46731
0.5
0.52976
0.53053
0.63065
0.631
0.64884
0.649
0.65866
0.11112
0.1202
0.1235
0.15286
0.22
0.783
0.8624
0.88503
0.07056
0.25926
0.27
0.274
0.70371
0.71399
0.92593
0.93561
0.0125
0.01735
0.09254
0.09425
0.23457
0.75309
0.7545
0.76
0.90124
0.22634
0.25213
0.30255
0.32511
0.7728
0.91771
0.66941
0.89057
0.915
0.97257
0.97354
0.2588
0.69456
0.77412
0.24801
0.67871
0.69426
0.91465
0.96326
0.70086
0.74171
0.76549
0.88894
0.02472
0.08365
0.32925
0.75205
0.97407
0.00824
0.02592
0.24794
0.33058
0.67074
0.69455
0.74383
0.90119
0.91484
0.92307
0.97161
0.97435
0.99711
0.03673
0.24966
0.76636
0.75033
0.96342
0.775
0.1
0.25
0.7
0.75
0.9
0.975
Case #20: 
0.183
0.2881
0.9408
0.08
0.9
Case #21: 
0.33589
0.41791
0.63
0.06
0.9
Case #22: 
0.3356
0.3704
0.376
0.3924
0.4
0.404
0.4059
0.43
0.439
0.441
0.452
0.482
0.49
0.497
0.5
0.52
0.5332
0.5399
0.557
0.562
0.5806
0.6
0.6006
0.64
0.6469
0.656
0.666
0.11112
0.119
0.1235
0.172
0.2
0.79
0.7924
0.7934
0.8
0.812
0.82
0.843
0.8488
0.85
0.878
0.0446
0.0584
0.06
0.07
0.265
0.2776
0.2871
0.2884
0.291
0.70371
0.71
0.7114
0.7249
0.725
0.7275
0.92593
0.93
0.9428
0.092
0.24
0.3181
0.68
0.682
0.75309
0.76
0.90124
0.91
0.912
0.97531
0.22634
0.23
0.3033
0.992
0.0097
0.25652
0.2576
0.743
0.25012
0.29676
0.67811
0.6921
0.25896
0.32938
0.741
0.74913
0.89
0.29727
0.69538
0.9176
0.92278
0.92491
0.742
0.3
0.1
0.25
0.7
0.75
0.9
Case #23: 
0.1
0.9
Case #24: 
0.4
0.5
0.6
0.2
0.8
0.3
0.1
0.7
0.9
Case #25: 
0.67074
0.88924
0.925
0.775
0.075
Case #26: 
0.1
0.675
0.7
0.9
0.225
Case #27: 
0.06796
0.28562
0.09524
0.97109
0.33268
Case #28: 
9.0E-5
1.0E-5
Case #29: 
0.155
0.19444
0.0577
0.00234
0.3
Case #30: 
0.33916
0.3704
0.39354
0.40883
0.43638
0.47962
0.53
0.59
0.5984
0.60031
0.77778
0.8023
0.8143
0.8338
0.8368
0.85
0.25926
0.729
0.92593
0.961
0.09012
0.68774
0.76184
0.0073
0.10428
0.22634
0.74486
0.96973
0.74212
0.98903
0.2588
0.32419
0.75219
0.9882
0.99696
0.92461
0.70358
0.749
0.75205
0.97407
0.00824
0.29908
0.67074
0.91484
0.97161
0.03673
0.22358
0.07692
0.70091
0.925
0.3
0.775
0.1
0.7
0.9
0.975
0.025
Case #31: 
0.334
0.3481
0.3694
0.37
0.3704
0.4
0.402
0.4351
0.4362
0.4406
0.45
0.472
0.476
0.4773
0.49
0.5
0.504
0.5137
0.517
0.525
0.53
0.5312
0.5349
0.5375
0.55
0.5606
0.568
0.59
0.6
0.604
0.6083
0.6109
0.63
0.65
0.656
0.11112
0.114
0.1235
0.13
0.148
0.1519
0.152
0.1543
0.175
0.176
0.177
0.19
0.1972
0.2
0.77778
0.7819
0.8
0.811
0.8165
0.82
0.824
0.847
0.8726
0.061
0.25926
0.268
0.2881
0.29
0.70371
0.73
0.938
0.94
0.9456
0.95
0.9611
0.962
0.02
0.2378
0.24
0.67902
0.68
0.683
0.75309
0.9054
0.98
0.10289
0.252
0.67079
0.92
0.9671
0.968
0.0841
0.24829
0.30591
0.96434
0.67
0.22238
0.69975
0.29941
0.322
0.7491
0.3
0.1
0.7
0.9
Case #32: 
0.33449
0.35949
0.39089
0.40858
0.40921
0.42695
0.53256
0.53548
0.55293
0.56708
0.57037
0.58426
0.58928
0.59897
0.61432
0.62669
0.65887
0.15248
0.20586
0.82624
0.83386
0.06347
0.06765
0.27242
0.28839
0.72217
0.02256
0.24272
0.31866
0.68226
0.76029
0.76333
0.97551
0.98663
0.98677
0.02919
0.22412
0.66941
0.67716
0.76817
0.30544
0.76848
0.96326
0.11075
0.25616
0.33022
0.98775
0.02472
0.02838
0.08365
0.23363
0.32925
0.70358
0.749
0.97407
0.00824
0.02592
0.23151
0.24794
0.33058
0.67074
0.69455
0.74119
0.74383
0.74454
0.90119
0.91484
0.92307
0.97161
0.03673
0.22358
0.24966
0.76636
0.00288
0.07692
0.0988
0.23182
0.25545
0.29641
0.88924
0.91634
0.96389
0.97527
0.08515
0.70091
0.77641
0.925
0.3
0.325
0.775
0.1
0.25
0.675
0.7
0.75
0.9
0.975
0.075
0.225
0.025
Case #33: 
0.39682
0.19732
0.86099
0.94167
0.22826
Case #34: 
0.36
0.3704
0.382
0.46573
0.55
0.61357
0.63
0.11112
0.12
0.14763
0.15689
0.17
0.2
0.77778
0.7819
0.83678
0.87
0.88
0.07329
0.25926
0.70371
0.71342
0.92593
0.24453
0.30865
0.31605
0.7545
0.22672
0.22942
0.3288
0.748
0.89615
0.3226
0.66804
0.91496
0.75218
0.98826
0.10715
0.33029
0.02472
0.749
0.99175
0.00824
0.02592
0.24794
0.29908
0.33058
0.74119
0.07692
0.25545
0.02564
0.08515
0.75033
0.775
0.675
0.75
0.9
0.225
Case #35: 
0.336
0.3859
0.40853
0.42693
0.43023
0.44148
0.51
0.6
0.6507
0.11112
0.1235
0.16784
0.17313
0.17334
0.19515
0.2
0.20381
0.211
0.77778
0.86412
0.8642
0.88217
0.05412
0.07016
0.25926
0.9288
0.23457
0.68298
0.10289
0.22634
0.25103
0.252
0.30288
0.67079
0.92
0.7512
0.23091
0.92227
0.23335
0.25794
0.76823
0.91668
0.02838
0.00824
0.02592
0.23151
0.33058
0.67074
0.99711
0.03673
0.24966
0.0988
0.25545
0.88924
0.01224
0.08515
0.75033
0.70091
0.3
0.675
0.7
0.75
0.075
0.025
Case #36: 
0.925
0.25
0.675
0.7
0.225
Case #37: 
0.97407
0.97435
0.24966
0.00288
0.7
Case #38: 
0.3475
0.37463
0.379
0.4
0.42171
0.42927
0.44931
0.48
0.5
0.5004
0.52969
0.54
0.56
0.57345
0.58
0.62121
0.64
0.11112
0.15323
0.16584
0.18
0.22
0.77778
0.78
0.78847
0.79972
0.8002
0.82088
0.83844
0.8612
0.8642
0.88
0.04
0.06395
0.25926
0.92593
0.95345
0.95761
0.961
0.01946
0.09116
0.23457
0.31
0.7614
0.97531
0.97757
0.97763
0.02915
0.30042
0.67079
0.69548
0.66941
0.69311
0.89851
0.92319
0.2588
0.90033
0.32389
0.67048
0.69426
0.74913
0.922
0.96326
0.11075
0.23356
0.23447
0.25002
0.25616
0.33232
0.70269
0.74171
0.74995
0.02838
0.32925
0.66985
0.67522
0.99175
0.02592
0.29908
0.67074
0.69455
0.74454
0.92307
0.97161
0.99711
0.24966
0.76636
0.23182
0.25545
0.29641
0.01224
0.02564
0.08515
0.75033
0.11096
0.775
0.25
0.9
0.975
0.025
Case #39: 
0.08365
0.97407
0.99711
0.22358
0.975
Case #40: 
0.00824
0.33058
0.97527
0.9
0.075
Case #41: 
0.33577
0.33884
0.35936
0.38733
0.41709
0.42778
0.45549
0.49244
0.50857
0.54074
0.56133
0.60275
0.63522
0.65669
0.14696
0.20194
0.20278
0.21884
0.78587
0.78732
0.82473
0.05366
0.26135
0.26446
0.93851
0.08988
0.23591
0.23993
0.75657
0.90169
0.32918
0.96959
0.25668
0.33156
0.75087
0.76817
0.89921
0.99851
0.2588
0.30544
0.75218
0.76842
0.76848
0.96326
0.25616
0.98775
0.02472
0.02838
0.08365
0.23363
0.32925
0.70358
0.749
0.97407
0.99175
0.00824
0.02592
0.23151
0.24794
0.29908
0.33058
0.66952
0.74383
0.74454
0.90119
0.91484
0.92307
0.97161
0.97435
0.99711
0.03673
0.22358
0.24966
0.76636
0.00288
0.0988
0.23182
0.25099
0.25545
0.29641
0.88924
0.91634
0.97527
0.08515
0.75033
0.70091
0.925
0.3
0.325
0.775
0.1
0.25
0.675
0.7
0.75
0.9
0.975
0.075
0.225
0.025
Case #42: 
0.34595
0.4
0.4348
0.47525
0.53675
0.58245
0.631
0.1235
0.13
0.15
0.1631
0.1638
0.2154
0.7819
0.82928
0.8603
0.04355
0.0576
0.27647
0.70371
0.715
0.72895
0.92593
0.95
0.02344
0.31741
0.76136
0.10289
0.22943
0.25103
0.30042
0.22361
0.25652
0.25678
0.66941
0.76817
0.89027
0.89851
0.99009
0.2257
0.22604
0.30743
0.22258
0.30824
0.67038
0.70358
0.00824
0.23151
0.24794
0.33058
0.67074
0.69455
0.90119
0.97435
0.99711
0.24966
0.25099
0.91634
0.925
0.325
0.7
0.75
0.9
Case #43: 
0.23363
0.3
0.75
0.975
0.075
Case #44: 
0.37404
0.47
0.48
0.485
0.57876
0.62618
0.64576
0.64925
0.65
0.16511
0.20678
0.21
0.80855
0.822
0.8368
0.25926
0.26063
0.27205
0.28
0.28409
0.92593
0.93086
0.942
0.08843
0.09305
0.30865
0.3209
0.67902
0.10289
0.29767
0.307
0.70097
0.77504
0.9233
0.22268
0.66753
0.67811
0.99656
0.88905
0.10278
0.23081
0.74994
0.88925
0.02838
0.08365
0.32925
0.75205
0.24794
0.91484
0.92307
0.97161
0.03673
0.76636
0.0988
0.25545
0.29641
0.97527
0.02564
0.75033
0.925
0.675
0.75
0.9
0.075
0.225
Case #45: 
0.43443
0.49501
0.17354
0.83282
0.73917
Case #46: 
0.37734
0.38273
0.4692
0.46979
0.48437
0.4968
0.50635
0.52
0.58
0.59
0.65649
0.11112
0.12
0.19801
0.22
0.7819
0.8819
0.0431
0.27141
0.93581
0.94756
0.95342
0.23457
0.2389
0.24113
0.76353
0.90124
0.97531
0.22634
0.30042
0.67339
0.77206
0.70097
0.25561
0.69182
0.90033
0.32948
0.69975
0.74181
0.76848
0.91374
0.99696
0.11075
0.75177
0.98775
0.02838
0.23363
0.32925
0.749
0.97407
0.67074
0.74383
0.74454
0.76636
0.0988
0.23182
0.97527
0.01224
0.76585
0.925
0.3
0.1
0.675
0.75
0.025
Case #47: 
0.34063
0.36974
0.37978
0.40353
0.43669
0.44028
0.45331
0.46984
0.53015
0.54268
0.54729
0.57626
0.59756
0.64636
0.11298
0.15681
0.18741
0.78755
0.84886
0.85511
0.87488
0.04565
0.07206
0.27337
0.28614
0.28711
0.70384
0.93521
0.95701
0.01727
0.09767
0.68431
0.75343
0.90292
0.07636
0.66941
0.76817
0.08586
0.2588
0.30544
0.69467
0.10179
0.92484
0.96326
0.11075
0.02472
0.02838
0.23363
0.32925
0.70358
0.75205
0.97407
0.99175
0.00824
0.02592
0.23151
0.24794
0.29908
0.67074
0.69455
0.74119
0.74383
0.74454
0.90119
0.91484
0.97161
0.97435
0.99711
0.03673
0.22358
0.24966
0.76636
0.77747
0.07692
0.0988
0.23182
0.25545
0.29641
0.88924
0.91634
0.97527
0.01224
0.02564
0.75033
0.70091
0.77641
0.925
0.3
0.325
0.775
0.1
0.25
0.675
0.7
0.75
0.9
0.975
0.075
0.225
0.025
Case #48: 
0.335
0.34
0.36
0.3704
0.381
0.394
0.4
0.408
0.409
0.43
0.4386
0.4413
0.46
0.4622
0.4635
0.48
0.5
0.529
0.53
0.5462
0.548
0.553
0.559
0.569
0.6
0.609
0.614
0.6296
0.631
0.64
0.658
0.11112
0.126
0.1322
0.1403
0.158
0.1769
0.184
0.2
0.22
0.77778
0.79
0.7963
0.8
0.82
0.8277
0.85
0.86
0.861
0.876
0.04
0.26
0.2607
0.265
0.2714
0.2766
0.70371
0.717
0.73
0.735
0.736
0.92593
0.9425
0.961
0.02
0.0893
0.24
0.30865
0.31
0.3118
0.3208
0.67902
0.9079
0.91
0.9842
0.9697
0.70097
0.751
0.7757
0.89027
0.98903
0.32968
0.33
0.66713
0.70279
0.92227
0.96343
0.259
0.324
0.69243
0.97135
0.23142
0.892
0.89839
0.92187
0.9256
0.3
0.1
0.7
0.9
Case #49: 
0.02592
0.24966
0.3
0.675
0.025
Case #50: 
0.53012
0.54186
0.11112
0.12626
0.1485
0.2106
0.7819
0.8
0.80514
0.8212
0.82406
0.8368
0.8642
0.27126
0.2749
0.2954
0.70371
0.02296
0.24292
0.318
0.75309
0.90124
0.08
0.10289
0.30042
0.92
0.10875
0.74212
0.2588
0.08342
0.11
0.23335
0.22502
0.25616
0.02838
0.67074
0.69455
0.74454
0.99081
0.22358
0.76636
0.00288
0.29641
0.01224
0.70091
0.925
0.3
0.325
0.1
0.7
0.9
Case #51: 
0.35
0.3718
0.377
0.385
0.39
0.3965
0.4
0.412
0.415
0.42
0.431
0.438
0.449
0.4502
0.4639
0.467
0.5
0.5232
0.5383
0.56
0.6
0.6089
0.6106
0.6113
0.617
0.6638
0.14
0.1485
0.157
0.16
0.1633
0.169
0.1719
0.174
0.181
0.2
0.205
0.2207
0.77778
0.7832
0.79
0.8
0.8005
0.801
0.8061
0.807
0.8454
0.861
0.879
0.881
0.05
0.0656
0.2594
0.268
0.27
0.292
0.71
0.7222
0.926
0.93
0.94
0.961
0.0883
0.09
0.30865
0.316
0.3172
0.67902
0.68
0.75309
0.91
0.0070
0.029
0.1032
0.301
0.918
0.035
0.23183
0.24829
0.3225
0.776
0.92319
0.11021
0.33
0.67536
0.7028
0.98812
0.22329
0.22512
0.88905
0.66947
0.69538
0.70086
0.89261
0.7493
0.3
0.1
0.7
0.75
0.9
Case #52: 
0.3454
0.3509
0.3704
0.379
0.4
0.44
0.4615
0.473
0.48
0.49
0.5
0.52
0.562
0.568
0.577
0.5775
0.5947
0.6
0.6358
0.637
0.11112
0.1225
0.1459
0.1903
0.2
0.2049
0.21
0.213
0.22
0.77778
0.8
0.81
0.823
0.8338
0.8368
0.843
0.848
0.8545
0.8558
0.8642
0.8766
0.8782
0.88
0.04
0.046
0.0724
0.263
0.29
0.707
0.726
0.93
0.95
0.019
0.02
0.0227
0.088
0.23457
0.24
0.30865
0.3094
0.69
0.903
0.906
0.912
0.97531
0.32511
0.747
0.77
0.91771
0.96708
0.97
0.9954
0.027
0.299
0.6681
0.6929
0.6931
0.7515
0.96434
0.973
0.22543
0.25835
0.29676
0.7525
0.97441
0.99086
0.11
0.248
0.67597
0.11101
0.67801
0.90022
0.91729
0.0992
0.988
0.3
0.1
0.7
0.75
0.9
Case #53: 
0.34
0.34882
0.35107
0.3603
0.367
0.3704
0.3965
0.46699
0.5
0.5198
0.582
0.58839
0.11112
0.11606
0.14125
0.16952
0.2
0.77778
0.7824
0.793
0.83838
0.8411
0.84113
0.87
0.04888
0.05
0.25926
0.27701
0.70371
0.7146
0.73079
0.92593
0.92725
0.92815
0.93963
0.09
0.31004
0.67902
0.68188
0.6893
0.7545
0.90124
0.90976
0.91
0.97819
0.23
0.30334
0.696
0.33059
0.66941
0.69273
0.76817
0.92319
0.96434
0.66713
0.67835
0.75245
0.75251
0.76589
0.898
0.92502
0.25073
0.66957
0.67048
0.96326
0.10827
0.24971
0.25616
0.66947
0.92219
0.92552
0.98893
0.02472
0.08365
0.32925
0.99175
0.23151
0.33058
0.74383
0.91484
0.92307
0.97435
0.03673
0.24966
0.07692
0.0988
0.25099
0.25545
0.29641
0.01224
0.02564
0.70091
0.77641
0.3
0.325
0.7
0.75
0.9
0.225
0.025
Case #54: 
0.08365
0.749
0.69455
0.99711
0.975
Case #55: 
0.5
0.12
Case #56: 
0.518
0.567
0.575
0.58528
0.778
Case #57: 
0.33435
0.45041
0.59584
0.06685
0.70472
Case #58: 
0.35016
0.35043
0.37002
0.39038
0.43123
0.45283
0.46218
0.47461
0.52129
0.56772
0.60966
0.61136
0.61974
0.11206
0.11847
0.13458
0.15015
0.16491
0.18505
0.19166
0.07114
0.27348
0.70918
0.71279
0.95809
0.01808
0.68057
0.76296
0.90415
0.91075
0.98228
0.00435
0.03222
0.07892
0.08203
0.29807
0.66941
0.76817
0.99776
0.2588
0.30544
0.25616
0.98775
0.02472
0.02838
0.32925
0.70358
0.749
0.75205
0.97407
0.99175
0.00824
0.02592
0.23151
0.24794
0.29908
0.33014
0.33058
0.67074
0.69455
0.74383
0.74454
0.90119
0.91484
0.92307
0.97161
0.99711
0.03673
0.22358
0.24966
0.33227
0.76636
0.00288
0.0988
0.25099
0.25545
0.88924
0.91634
0.97527
0.01224
0.02564
0.08515
0.75033
0.70091
0.77641
0.66955
0.925
0.3
0.325
0.775
0.1
0.25
0.675
0.7
0.75
0.9
0.975
0.075
0.225
0.025
Case #59: 
0.925
0.1
0.25
0.675
0.025
Case #60: 
0.35191
0.36
0.377
0.44745
0.55231
0.558
0.58386
0.60779
0.61503
0.62615
0.11112
0.183
0.77778
0.82721
0.8368
0.8642
0.869
0.87
0.07009
0.25926
0.27926
0.708
0.73094
0.92593
0.93937
0.0182
0.91
0.30042
0.69273
0.97257
0.99726
0.25531
0.99971
0.11075
0.02472
0.749
0.69455
0.97161
0.99711
0.00288
0.88924
0.01224
0.02564
0.08515
0.77641
0.3
0.325
0.75
0.9
0.975
0.225
Case #61: 
0.53
0.11112
0.8
0.927
0.89301
Case #62: 
0.325
0.675
0.9
0.225
0.025
Case #63: 
0.38021
0.41581
0.43969
0.45762
0.49178
0.50406
0.53748
0.57637
0.57783
0.60939
0.63566
0.11597
0.13304
0.13493
0.15478
0.19113
0.20519
0.78793
0.79417
0.80769
0.84578
0.05207
0.27923
0.71391
0.93338
0.93405
0.94216
0.02059
0.76345
0.90549
0.00821
0.96993
0.10893
0.66941
0.76817
0.92341
0.67815
0.09988
0.76848
0.77477
0.96326
0.11075
0.25616
0.29668
0.98775
0.01232
0.02472
0.02838
0.08365
0.23363
0.70358
0.749
0.75205
0.97407
0.99175
0.00824
0.23151
0.24794
0.29908
0.67074
0.69455
0.74119
0.74383
0.74454
0.90119
0.91484
0.97161
0.97215
0.97435
0.99711
0.03673
0.24966
0.76636
0.00288
0.07692
0.0988
0.23182
0.25099
0.25545
0.88924
0.01224
0.02564
0.08515
0.75033
0.70091
0.77641
0.925
0.3
0.325
0.775
0.1
0.25
0.675
0.7
0.75
0.9
0.975
0.075
0.225
0.025
Case #64: 
0.34343
0.36957
0.44572
0.48117
0.48451
0.49979
0.50212
0.51227
0.52807
0.53701
0.54885
0.59844
0.61411
0.65122
0.65874
0.66057
0.15501
0.16102
0.19789
0.19951
0.84674
0.86633
0.04345
0.07098
0.07346
0.26387
0.29598
0.71409
0.94044
0.23992
0.30876
0.68004
0.89377
0.92083
0.99549
0.00969
0.66941
0.76817
0.2588
0.30544
0.07703
0.76848
0.96326
0.11075
0.98775
0.02472
0.08365
0.23363
0.30038
0.32925
0.70358
0.749
0.75205
0.97407
0.99175
0.00824
0.01234
0.23151
0.24794
0.29908
0.33058
0.67074
0.69455
0.74119
0.74383
0.74454
0.90119
0.91484
0.92307
0.97161
0.97435
0.03673
0.24966
0.69231
0.76636
0.00288
0.23182
0.25099
0.25545
0.91634
0.01224
0.02564
0.08515
0.75033
0.70091
0.77641
0.925
0.3
0.325
0.775
0.1
0.25
0.675
0.7
0.75
0.9
0.975
0.075
0.225
0.025
Case #65: 
0.33513
0.38055
0.39101
0.39599
0.45301
0.48746
0.49672
0.51788
0.55279
0.56412
0.56748
0.56835
0.59597
0.60602
0.60915
0.62095
0.16328
0.18891
0.18894
0.19813
0.78512
0.80867
0.82584
0.83852
0.88877
0.26358
0.27812
0.71581
0.95292
0.02268
0.08888
0.75469
0.97765
0.32542
0.96989
0.99329
0.02726
0.66941
0.76817
0.2588
0.30544
0.30021
0.75284
0.76848
0.96326
0.11075
0.25616
0.98775
0.02472
0.02838
0.08365
0.23363
0.32925
0.70358
0.749
0.75205
0.97407
0.99175
0.00824
0.02592
0.24794
0.29908
0.33058
0.67074
0.69455
0.74119
0.74383
0.91484
0.92307
0.97161
0.24966
0.76636
0.99136
0.00288
0.07692
0.23182
0.25099
0.29641
0.88924
0.91634
0.97527
0.01224
0.02564
0.08515
0.70091
0.77641
0.925
0.3
0.325
0.775
0.1
0.25
0.675
0.7
0.75
0.9
0.975
0.075
0.225
0.025
Case #66: 
0.412
0.15
0.04
0.10197
0.67597
Case #67: 
0.80064
0.05856
0.70606
0.89082
0.10824
Case #68: 
0.925
0.3
0.9
0.975
0.025
Case #69: 
0.5602
0.9393
0.0080
0.769
0.099
Case #70: 
0.35
0.3597
0.3704
0.3717
0.38
0.382
0.4
0.47
0.498
0.509
0.51
0.527
0.55
0.558
0.56
0.5841
0.597
0.62
0.6207
0.637
0.66
0.123
0.1235
0.14
0.154
0.159
0.1613
0.17
0.18
0.186
0.187
0.1893
0.19
0.2
0.77778
0.78
0.79
0.8
0.812
0.8174
0.8249
0.8267
0.8368
0.84
0.87
0.88
0.0498
0.0581
0.0739
0.288
0.2881
0.293
0.70371
0.72
0.725
0.9373
0.944
0.9549
0.02
0.093
0.30865
0.67902
0.69
0.91
0.9123
0.03
0.697
0.746
0.89301
0.9191
0.9923
0.995
0.085
0.25652
0.66804
0.998
0.25835
0.33
0.70005
0.77412
0.77687
0.92502
0.96343
0.67781
0.69975
0.70066
0.96586
0.22533
0.25825
0.30458
0.6777
0.69141
0.89809
0.9228
0.774
0.3
0.1
0.25
0.7
0.9
Case #71: 
0.36
0.47435
0.4874
0.494
0.58
0.64151
0.11112
0.81432
0.83282
0.84837
0.06863
0.27483
0.2871
0.96015
0.961
0.02
0.09
0.3094
0.688
0.7545
0.76
0.90589
0.89301
0.96708
0.99478
0.67627
0.89851
0.92319
0.74121
0.76589
0.0853
0.22238
0.23335
0.11075
0.32196
0.999
0.02472
0.75205
0.97407
0.69455
0.74383
0.91484
0.97161
0.76636
0.00288
0.25099
0.29641
0.668
0.88924
0.1
0.25
0.75
0.225
0.025
Case #72: 
0.5
0.55396
0.2
0.9588
0.69285
Case #73: 
0.12
0.736
0.771
0.0991
0.25
Case #74: 
0.369
0.3704
0.3923
0.4
0.41936
0.4909
0.50791
0.52
0.53112
0.53534
0.57519
0.581
0.5869
0.5894
0.59
0.61183
0.642
0.665
0.11112
0.1235
0.1397
0.1489
0.16607
0.18013
0.18807
0.77778
0.7819
0.78542
0.79683
0.8
0.84246
0.854
0.857
0.85929
0.86165
0.04283
0.25967
0.74029
0.92593
0.95542
0.961
0.01239
0.01653
0.97531
0.97678
0.1066
0.30042
0.67079
0.69548
0.99177
0.99418
0.99424
0.10037
0.23183
0.25652
0.67627
0.75035
0.98903
0.29951
0.74138
0.89758
0.92227
0.32389
0.69243
0.76848
0.76925
0.96326
0.25616
0.67617
0.96302
0.98862
0.02838
0.08365
0.32925
0.70358
0.749
0.97407
0.24794
0.67074
0.69455
0.74454
0.90119
0.91484
0.97435
0.03673
0.22358
0.0988
0.23182
0.25099
0.97527
0.01224
0.02564
0.08515
0.77641
0.925
0.775
0.1
0.25
0.7
0.9
Case #75: 
0.65661
0.15287
0.71922
0.98538
0.10975
Case #76: 
0.35744
0.41434
0.43258
0.45362
0.52472
0.52475
0.54981
0.58448
0.61486
0.61682
0.62699
0.64204
0.65526
0.18421
0.19615
0.20427
0.78992
0.79123
0.79787
0.80115
0.81464
0.87636
0.70653
0.71792
0.73906
0.23703
0.23733
0.69011
0.10386
0.69707
0.77087
0.03447
0.10083
0.25775
0.66941
0.76817
0.92363
0.96452
0.07762
0.2588
0.30544
0.29745
0.32402
0.11075
0.98775
0.02472
0.02603
0.02838
0.08365
0.23363
0.32925
0.70358
0.749
0.75205
0.97407
0.99175
0.00824
0.24794
0.29908
0.33058
0.67074
0.69455
0.74119
0.74383
0.90119
0.91484
0.92307
0.97161
0.97435
0.03673
0.22358
0.24966
0.00288
0.07692
0.0988
0.23182
0.25099
0.25545
0.29641
0.88924
0.91634
0.97527
0.08515
0.75033
0.70091
0.77641
0.925
0.3
0.325
0.775
0.1
0.25
0.675
0.7
0.75
0.9
0.975
0.075
0.225
0.025
Case #77: 
0.35602
0.3704
0.39546
0.41
0.412
0.43209
0.43963
0.48
0.5
0.52269
0.5405
0.57
0.58
0.6
0.61741
0.65203
0.66012
0.11112
0.1194
0.1235
0.13703
0.13905
0.17823
0.18
0.18006
0.2
0.209
0.77778
0.77907
0.788
0.7948
0.79897
0.8
0.81714
0.83314
0.8368
0.8642
0.88827
0.047
0.06
0.25926
0.269
0.278
0.2791
0.2881
0.72631
0.94357
0.961
0.67902
0.6844
0.69
0.97531
0.98762
0.25103
0.772
0.7728
0.99177
0.01
0.101
0.23284
0.32236
0.69273
0.23366
0.2588
0.92502
0.33029
0.89016
0.89748
0.91729
0.00947
0.02472
0.23363
0.32925
0.749
0.00824
0.23151
0.29908
0.33058
0.74383
0.90119
0.91484
0.92307
0.97161
0.97435
0.99711
0.08601
0.22358
0.24966
0.07692
0.23182
0.88924
0.91634
0.01224
0.02564
0.75033
0.925
0.3
0.325
0.1
0.9
Case #78: 
0.3482
0.3557
0.3815
0.39
0.4
0.4089
0.433
0.4377
0.44
0.4482
0.453
0.457
0.46
0.47
0.475
0.4846
0.49
0.491
0.5
0.509
0.521
0.525
0.56
0.5689
0.575
0.58
0.59
0.591
0.6
0.6212
0.64
0.641
0.65
0.12
0.1235
0.1329
0.137
0.139
0.1532
0.18
0.2
0.2026
0.21
0.214
0.216
0.77778
0.785
0.7997
0.8
0.8056
0.815
0.827
0.83
0.854
0.8637
0.8643
0.8681
0.875
0.25926
0.2694
0.70371
0.716
0.73
0.7341
0.74
0.92593
0.93
0.0166
0.309
0.69
0.91
0.9106
0.97531
0.08
0.104
0.25103
0.67079
0.7455
0.895
0.96708
0.2576
0.702
0.7505
0.33
0.769
0.77412
0.97441
0.23152
0.67048
0.67505
0.99696
0.89809
0.97216
0.0863
0.1107
0.3
0.1
0.25
0.7
0.9
Case #79: 
0.57266
0.66503
0.06652
0.26018
0.03465
Case #80: 
0.35197
0.35551
0.3704
0.38612
0.4
0.4624
0.5
0.50891
0.53924
0.55914
0.6
0.612
0.61207
0.62172
0.66467
0.11112
0.1205
0.141
0.199
0.19989
0.2086
0.22205
0.8
0.82295
0.83
0.835
0.84895
0.86353
0.043
0.2607
0.26692
0.2759
0.70371
0.72421
0.73175
0.92593
0.95866
0.30981
0.67902
0.75309
0.75391
0.97531
0.97653
0.98135
0.25103
0.67285
0.69562
0.03462
0.10014
0.232
0.24829
0.2485
0.2575
0.70097
0.75035
0.76817
0.9163
0.92319
0.29951
0.70005
0.92502
0.30743
0.66682
0.88996
0.96326
0.99709
0.11075
0.69141
0.91455
0.02838
0.32925
0.70358
0.749
0.77501
0.97407
0.99175
0.02592
0.29908
0.74383
0.90119
0.99711
0.08356
0.24966
0.76636
0.00288
0.0988
0.25545
0.29641
0.91634
0.97527
0.01224
0.02564
0.77641
0.3
0.325
0.1
0.25
0.675
0.7
0.025
Case #81: 
0.12043
0.93938
0.94719
0.30924
0.67428
Case #82: 
0.35432
0.3704
0.3843
0.4
0.44151
0.45137
0.4633
0.472
0.47628
0.49641
0.5
0.53333
0.57151
0.57472
0.6
0.60279
0.632
0.6512
0.11112
0.11428
0.19
0.2
0.77778
0.79
0.79048
0.84618
0.8642
0.2791
0.2851
0.70943
0.92954
0.94517
0.96053
0.23457
0.30865
0.311
0.90768
0.10289
0.32511
0.74486
0.23183
0.30544
0.67811
0.97166
0.76848
0.90093
0.11075
0.25616
0.30489
0.98775
0.08365
0.99175
0.02592
0.33058
0.24966
0.0988
0.25545
0.97527
0.02564
0.08515
0.70091
0.325
0.775
0.1
0.675
0.225
Case #83: 
0.1736
0.02
0.07947
0.30431
0.7
Case #84: 
0.925
0.25
0.9
0.075
0.225
Case #85: 
0.325
0.1
0.25
0.975
0.075
Case #86: 
0.4405
0.2
0.8656
0.8931
0.9
Case #87: 
0.33406
0.35559
0.37025
0.40402
0.44648
0.45651
0.46844
0.48517
0.48721
0.51093
0.54307
0.56676
0.57731
0.64747
0.66616
0.11548
0.12559
0.19112
0.20533
0.82885
0.84723
0.84862
0.86329
0.86885
0.88162
0.88449
0.26469
0.28658
0.02241
0.23457
0.75389
0.22651
0.30241
0.96793
0.24887
0.66941
0.76817
0.96496
0.25597
0.2588
0.30544
0.67575
0.76848
0.96326
0.11075
0.25616
0.98775
0.02472
0.08365
0.23363
0.32925
0.749
0.75205
0.97407
0.99175
0.02592
0.24794
0.29908
0.33058
0.67074
0.69455
0.74119
0.74383
0.74454
0.90119
0.91484
0.92307
0.97161
0.97435
0.99711
0.24966
0.76636
0.00288
0.03672
0.07692
0.0988
0.25099
0.25545
0.29641
0.88924
0.91634
0.97527
0.02564
0.08515
0.70091
0.77641
0.925
0.3
0.325
0.775
0.1
0.25
0.675
0.7
0.75
0.9
0.975
0.075
0.225
0.025
Case #88: 
0.925
0.1
0.25
0.675
0.225
Case #89: 
0.4
0.42934
0.45616
0.478
0.49025
0.52
0.6
0.11112
0.154
0.17
0.2
0.20758
0.77778
0.8501
0.85918
0.04
0.72476
0.73603
0.94636
0.95898
0.23457
0.30865
0.31132
0.68054
0.75309
0.75438
0.30042
0.748
0.7718
0.96708
0.70097
0.89851
9.0E-4
0.30544
0.25531
0.10797
0.25616
0.32104
0.89169
0.02472
0.02838
0.97407
0.29908
0.92307
0.97435
0.99711
0.03673
0.24966
0.0988
0.08515
0.77641
0.325
0.25
0.7
0.9
0.075
0.025
Case #90: 
0.43
0.5246
0.573
0.849
0.98
Case #91: 
0.393
0.2881
0.96
0.69
0.75
Case #92: 
0.3347
0.3356
0.34
0.36
0.3613
0.37
0.3704
0.3749
0.383
0.39
0.394
0.4
0.41
0.418
0.4305
0.44
0.444
0.484
0.4928
0.5
0.502
0.509
0.51
0.54
0.5418
0.544
0.596
0.6
0.61
0.62
0.637
0.66
0.666
0.11112
0.1235
0.15
0.16
0.1614
0.2
0.2128
0.77778
0.788
0.8
0.8092
0.8277
0.8421
0.851
0.8864
0.06
0.061
0.25926
0.26
0.27
0.273
0.2759
0.2791
0.29
0.715
0.73
0.732
0.92593
0.927
0.931
0.944
0.0889
0.09
0.238
0.32
0.7571
0.0325
0.10289
0.23
0.2515
0.671
0.92
0.96708
0.0097
0.01
0.0349
0.10837
0.323
0.67627
0.767
0.89851
0.917
0.98812
0.99086
0.99909
0.25896
0.22351
0.29911
0.92491
0.99961
0.8889
0.2963
0.3
0.1
0.7
0.75
0.9
Case #93: 
0.554
0.1214
0.18
0.2
0.82826
Case #94: 
0.36
0.3704
0.4
0.48735
0.5
0.51378
0.52437
0.5393
0.59606
0.62128
0.11112
0.1235
0.143
0.16855
0.2175
0.77778
0.84817
0.07236
0.25926
0.73491
0.92593
0.9306
0.95125
0.96102
0.01711
0.90725
0.97531
0.98
0.08212
0.229
0.23
0.89546
0.921
0.96708
0.10084
0.10837
0.32236
0.70097
0.74212
0.96518
0.2588
0.69182
0.25073
0.32481
0.96326
0.11075
0.98775
0.70358
0.02592
0.24794
0.69455
0.74119
0.74383
0.97161
0.03673
0.00288
0.75033
0.77641
0.925
0.3
0.325
0.975
0.225
Case #95: 
0.342
0.35
0.3591
0.366
0.3704
0.3733
0.376
0.3765
0.3854
0.3921
0.4
0.42
0.431
0.4379
0.48
0.491
0.498
0.5
0.522
0.5276
0.54
0.5434
0.5496
0.5553
0.57
0.5835
0.6
0.61
0.636
0.6429
0.66
0.11112
0.13
0.152
0.1571
0.158
0.173
0.2
0.2014
0.213
0.77778
0.78
0.7912
0.8
0.8024
0.8229
0.8267
0.85
0.8637
0.87
0.873
0.05
0.27
0.2718
0.28
0.2902
0.7041
0.712
0.729
0.92593
0.94
0.02
0.23457
0.243
0.30865
0.314
0.32
0.903
0.91
0.97531
0.9831
0.0295
0.0306
0.10289
0.23
0.32511
0.67079
0.89301
0.99177
0.01
0.2242
0.232
0.77504
0.99
0.25012
0.29951
0.308
0.67
0.7004
0.88935
0.25073
0.69243
0.88996
0.89179
0.97135
0.98893
0.3
0.1
0.7
0.9
Case #96: 
0.35302
0.4077
0.57
0.18806
0.703
Case #97: 
0.335
0.351
0.36
0.3704
0.38
0.38128
0.4
0.4042
0.4234
0.44923
0.47765
0.49098
0.5
0.54162
0.6
0.1119
0.112
0.17036
0.05619
0.06623
0.2881
0.70371
0.23457
0.75309
0.90124
0.30378
0.69604
0.96708
0.25652
0.69273
0.76817
0.99726
0.2588
0.24981
0.88905
0.24701
0.30733
0.33202
0.02472
0.02838
0.23151
0.67074
0.91484
0.92307
0.97161
0.97435
0.76636
0.25545
0.29641
0.325
0.25
0.7
0.75
0.075
Case #98: 
0.34
0.3431
0.344
0.345
0.3689
0.37
0.3704
0.371
0.41
0.42
0.421
0.4295
0.444
0.4649
0.4683
0.4705
0.487
0.49
0.5
0.534
0.541
0.549
0.558
0.578
0.586
0.588
0.6008
0.617
0.62
0.625
0.6342
0.6349
0.64
0.66
0.11112
0.1235
0.16
0.1859
0.189
0.196
0.2
0.2161
0.22
0.7819
0.7976
0.8
0.8481
0.8526
0.051
0.067
0.26
0.265
0.271
0.279
0.29
0.70371
0.9625
0.015
0.09
0.23457
0.241
0.313
0.3138
0.32
0.67902
0.76
0.9022
0.905
0.98
0.984
0.03
0.08
0.10289
0.22634
0.30042
0.3018
0.3279
0.77
0.7726
0.896
0.92
0.99177
0.22361
0.66804
0.89027
0.234
0.29951
0.67
0.11
0.901
0.30763
0.69416
0.7448
0.97216
0.774
0.893
0.3
0.1
0.7
0.9
Case #99: 
0.925
0.1
0.25
0.675
0.975
Case #100: 
0.3389
0.34157
0.34814
0.4218
0.55529
0.6447
0.66
0.11112
0.11398
0.14329
0.77778
0.79565
0.8
0.85622
0.86582
0.873
0.87313
0.879
0.25926
0.70769
0.73608
0.96064
0.0944
0.31418
0.97531
0.10333
0.2515
0.32647
0.32893
0.24829
0.2576
0.89851
0.98903
0.2588
0.29951
0.30544
0.96617
0.07698
0.30834
0.75004
0.33202
0.91729
0.97407
0.67074
0.67897
0.74454
0.99711
0.22358
0.0988
0.23182
0.29641
0.91634
0.97527
0.01224
0.08515
0.77641
0.3
0.325
0.25
0.7
0.9
0.975
0.075
