Case #1:
0.5
0.5
0.5
Case #2:
0.6458333333333333
0.3680555555555555
0.6041666666666666
0.3958333333333333
Case #3:
0.5592298112409495
0.5324437303792328
0.3958136923381938
0.5536206724553814
0.5022367056943637
0.46618785888573544
0.5036894442862909
0.4980937163031277
0.44430550894776527
0.4318943756486744
0.46992310329542425
0.46008974812984793
0.48859189222595195
0.49008343427345413
0.5046902561551972
0.46325735302856397
0.3875915765860589
0.5877450865773522
0.5201165490672791
0.5451965785215
0.5361918458417548
0.4408983825554748
0.49604533311863436
0.4628281384223095
0.529738980654645
0.4472589268069433
0.522383686258276
0.4880334966557948
0.3662206282048169
0.5817933302997493
0.5022484170357783
0.5923190107337464
0.5253027724891735
0.5584882356864264
0.4046204706878098
0.541791588261783
0.533717222762731
0.5068525248033176
0.4931970222671994
0.5428179872362671
0.48923905167282616
0.5176568472292553
0.4554712441077371
0.43003821347418725
0.6007740121767441
0.5483310065701554
0.4703054657621433
0.581077776709523
0.4625707431501088
0.49308842717103846
0.5299588741073611
0.5590589891210491
0.5782227673348268
Case #4:
0.5542929292929293
0.5997474747474748
0.5113636363636364
0.5694444444444445
0.61489898989899
0.42297979797979796
0.4987373737373738
0.523989898989899
0.4027777777777778
0.42803030303030304
0.37752525252525254
0.4305555555555556
0.529040404040404
0.44570707070707066
0.3876262626262627
0.5265151515151515
0.4482323232323232
0.5012626262626263
0.561868686868687
0.5340909090909091
0.380050505050505
0.4053030303030303
0.48863636363636365
0.5871212121212122
0.4734848484848485
0.4431818181818181
0.4810606060606061
0.38257575757575757
0.41035353535353536
0.5467171717171717
0.571969696969697
0.47095959595959597
0.4255050505050505
0.44065656565656564
0.41792929292929293
0.5088383838383839
0.5593434343434344
0.42045454545454547
0.48358585858585856
0.3851010101010101
0.46338383838383834
0.5820707070707072
0.5972222222222223
0.6123737373737375
0.47853535353535354
0.5770202020202021
0.5517676767676768
0.476010101010101
0.5441919191919192
0.43308080808080807
0.3901515151515152
0.46085858585858586
0.5189393939393939
0.4558080808080808
0.5164141414141414
0.5643939393939394
0.5845959595959597
0.3977272727272727
0.5138888888888888
0.4936868686868687
0.5492424242424243
0.5037878787878788
0.40025252525252525
0.4583333333333333
0.3952020202020202
0.4659090909090909
0.5366161616161615
0.5744949494949496
0.6022727272727273
0.5214646464646464
0.49116161616161613
0.4962121212121212
0.5921717171717172
0.39267676767676774
0.5896464646464648
0.6098484848484849
0.43560606060606055
0.5795454545454546
0.375
0.4128787878787879
0.6174242424242424
0.4078282828282828
0.5669191919191919
0.5946969696969697
0.4861111111111111
0.5416666666666666
0.45075757575757575
0.6224747474747475
0.5063131313131313
0.5391414141414141
0.6073232323232324
0.619949494949495
0.4532828282828283
0.5568181818181819
0.625
0.5315656565656566
0.6047979797979799
0.4381313131313131
0.4684343434343434
0.4154040404040404
Case #5:
0.5193320512271644
0.5335563959251244
0.4029760330774003
0.5393945126178137
0.45464035133136205
0.5355622198573817
0.5196068078115257
0.551275445556465
0.52490324288976
0.5329377004660408
0.5606257708954532
0.47470180206085444
0.47387825631049907
0.4025931182481492
0.5411479610245424
0.40244516214740184
0.5066370074817204
0.5535380334805869
0.510637488054356
0.5271394564938373
0.5066772262312715
0.5073769719088026
0.5063148987589466
0.5259178107202556
0.4861283275528696
0.5214758655936135
0.5496622706386518
0.4256200529542857
0.3994552287575219
0.5197045531481483
0.41834208567007725
0.4479332498215104
0.5018632302302899
0.546088047098122
0.47136180746467415
0.5469185314722211
0.5232439939210596
0.5191523084206052
0.5324794325263622
0.546591493444572
0.5133819850625618
0.4382868101920214
0.481461019754989
0.4492384633854297
0.5207070118550743
0.547683592904638
0.47615353509486363
0.5675506437105411
0.5602681260593065
0.4081298458000501
0.505519162845292
0.537382034203447
0.48413536100813026
0.4255952051912335
0.5722826705416322
0.5268526258672838
0.42908687455046624
0.5379999448199685
0.5814616765648748
0.4796680262032667
0.4931998080722615
0.43588554551689995
Case #6:
0.46365913462856206
0.5307767441032953
0.42512817236663225
0.5372097603787185
0.49335020941975943
0.5737465721313004
0.4220432478646978
0.4102434693493759
0.5248037520194223
0.5218232947458459
0.5223402364445798
0.5124956331479431
0.5483157232839728
0.583945047680246
0.5081242413421678
0.5171719387654199
0.5516726369603157
0.5629416816126138
0.39288382989322934
0.4953081291045671
0.4210804029431491
0.5149505973485324
0.4824380237935996
0.5080291616261312
0.5131200291230789
0.41094992906125366
0.49303193263374245
0.4288488719232749
0.4960570171399421
0.4742731880988662
0.4985721525621713
0.5604928388406891
0.39434407862122495
0.5258930702876553
0.5102955210588408
0.5414143068140006
0.4347348961330165
0.48912053773557684
0.49611599934265393
0.43216612677620836
0.5379070044844376
0.4624275550429199
0.489429491053484
0.44081968992559206
0.5644086823920628
0.5646190441256951
0.512000932966255
0.4807057553573528
0.5187068422518637
0.43986856395074825
0.5877872917066002
0.45999860578382423
0.5139765698962875
0.5205880033964115
0.5326460489509958
0.5445390905674588
0.4790150371819266
0.537856927007445
0.5910218793943945
0.550510529151519
Case #7:
0.5818865740740742
0.5652777777777778
0.5833333333333333
0.7958333333333334
0.24791666666666665
0.4006944444444444
0.5809027777777778
0.1840277777777778
0.4364583333333333
0.625
0.6066666666666667
0.275
0.5430555555555555
0.4
0.5519097222222222
0.6147569444444444
0.5347222222222222
0.08194444444444444
0.4847222222222222
0.5989583333333334
0.31588541666666664
0.6027777777777777
0.3895833333333334
0.7451388888888889
0.3194444444444444
0.5114583333333333
0.3784722222222222
0.3699074074074074
0.6659722222222222
0.6532407407407408
0.3753472222222222
0.7055555555555556
0.06944444444444443
0.7125
0.4291666666666667
0.5972222222222222
0.8375
0.7599537037037036
0.26388888888888884
0.6375
0.559375
0.45763888888888893
0.4479166666666667
0.42083333333333334
0.36354166666666665
0.5260416666666666
0.6993055555555556
0.7395833333333333
0.5673611111111111
0.36203703703703705
0.23090277777777776
0.560486111111111
0.3819444444444444
0.4919270833333333
0.5520833333333333
0.29375
0.596875
0.5677083333333334
0.4
0.90625
0.48564814814814816
0.17129629629629628
0.375
0.4020833333333333
0.40104166666666663
0.37777777777777777
0.5576388888888889
0.44687499999999997
Case #8:
0.467175347829325
0.4630022179360035
0.5140484411087136
0.543376389756571
0.5147562854821011
0.5461738317437217
0.44407534950977673
0.432000476601928
0.5279601708248877
0.440133633988061
0.43097531753044627
0.5694496718713224
0.5206000601561314
0.4925312171142905
0.4538026135412512
0.49894236406692327
0.4395393396588739
0.4991657344620849
0.5443817530569725
0.5533436699020109
0.5290244152999788
0.5267284831548513
0.5214000447500662
0.5404782692635035
0.5299742619745436
0.5096229983774516
0.538170000817232
0.5539355429620192
0.4948061866788286
0.5483434708331822
0.5186384127264458
0.4986114136653087
0.44232099913992434
0.5582551937140832
0.5195798728045374
0.48205615406397406
0.5259979366811609
0.4978482789364637
0.5472748953302401
0.4628367604684234
0.46288556540340303
0.5543502882338068
0.4838064458760028
0.5088225440097105
0.4311209302462307
0.496553722254324
0.44434778573902545
0.5079659899642345
0.52479120340495
0.4679333863353964
0.5312658113510084
0.5441164869865619
0.41720306845622473
0.5258656535043875
0.5110177474687009
0.5309895607334019
0.49805143592649737
0.5361716389089566
0.45061771786803634
0.460191145914367
0.4984800649324711
0.4764042698041789
0.5543017348691743
0.5129544684230465
0.46209952094193324
0.4663511221152583
0.5468713862657334
0.47699514028923806
0.5471086276918984
0.5047665060116867
0.4098252887705533
0.45866237890276973
0.5406041464746527
0.5525725028190598
0.5500613112607795
0.4488889876781501
0.5566196520543122
0.5290672104646547
0.5113383620611047
0.5164190908178125
0.5333532339340965
0.5146927515361832
0.4514708029174189
0.46399519234118525
0.5496958641964563
0.4238604958914021
0.522741717938483
0.45706604247471844
0.4764773258398336
0.4526344228281098
0.42170766064556253
0.49381793440419636
0.38417557483653936
0.5136804094550523
0.5267837330989572
0.5263731594871146
0.49417343556923704
0.5248215621091963
0.49495033068164085
0.5392201927371592
Case #9:
0.4765625
0.22916666666666666
0.4583333333333333
0.34375
0.46875
0.296875
0.6354166666666666
0.5104166666666666
0.6041666666666666
0.8246527777777777
0.6875
0.47916666666666663
0.5173611111111112
0.44791666666666663
0.08333333333333333
0.6128472222222221
Case #10:
0.14583333333333334
0.5694444444444444
0.6319444444444444
0.6354166666666667
0.5277777777777778
0.4270833333333333
0.9479166666666667
0.5607638888888888
0.29166666666666663
0.46944444444444444
0.3125
0.2597222222222222
0.6277777777777778
0.4895833333333333
0.49999999999999994
0.6041666666666666
0.32291666666666663
0.2902777777777778
0.625
0.8
0.625
0.125
0.4236111111111111
0.6354166666666667
0.25
0.6631944444444444
0.35648148148148145
0.6111111111111112
0.6354166666666666
0.3333333333333333
0.525
0.26388888888888884
0.46354166666666663
0.7291666666666666
0.5590277777777778
0.5069444444444444
0.38888888888888884
0.65625
0.4166666666666667
0.4895833333333333
0.5590277777777778
0.5694444444444444
0.3055555555555556
0.4222222222222222
0.375
0.5
0.34375
0.4722222222222222
0.48958333333333326
0.2569444444444444
0.5395833333333333
0.4583333333333333
0.37152777777777773
0.3125
0.2916666666666667
0.4583333333333333
0.7916666666666666
0.4708333333333333
0.6701388888888888
0.171875
0.7083333333333333
0.5243055555555555
0.26041666666666663
0.39583333333333337
0.6215277777777778
0.609375
0.6041666666666666
0.5185185185185185
0.7222222222222222
0.5104166666666666
0.4583333333333333
0.6666666666666666
0.4375
0.421875
0.43229166666666663
0.425
0.421875
0.46874999999999994
0.6770833333333333
0.5364583333333333
0.7395833333333334
0.8541666666666666
0.40208333333333335
0.7083333333333334
0.5034722222222222
0.4625
0.78125
0.3194444444444444
0.4770833333333333
0.5364583333333333
0.3819444444444444
0.8541666666666666
0.5555555555555555
0.375
0.3680555555555555
0.30729166666666663
0.7708333333333333
0.37499999999999994
0.7916666666666666
0.7916666666666666
Case #11:
0.5
0.5
0.5
0.4999999999999999
0.5
0.5
0.5
0.5
0.4999999999999999
0.4999999999999999
0.5
0.5
0.5000000000000001
0.5
0.4999999999999999
0.5
0.5000000000000001
0.4999999999999999
0.5000000000000001
0.5
0.5
0.4999999999999999
0.5
0.5000000000000001
0.5
0.4999999999999999
0.4999999999999999
0.5
0.5
0.5
0.4999999999999999
0.4999999999999999
0.5000000000000001
0.5
0.5
0.4999999999999999
0.5
0.5
0.4999999999999999
0.5
0.5
0.5
0.5
0.5
0.5
0.5
0.5000000000000001
0.5
0.5
0.5
0.5
0.5
0.5
0.5
0.4999999999999999
0.5
0.5
0.4999999999999999
0.5000000000000001
0.5
0.5
0.5000000000000001
0.5
0.5
0.5000000000000001
0.5
0.5
0.5
0.4999999999999999
0.5
0.5
0.5
0.5
0.4999999999999999
0.5
0.5
0.4999999999999999
0.4999999999999999
0.5
0.5000000000000001
0.5
0.5
0.5
0.5000000000000001
0.4999999999999999
0.5
0.4999999999999999
0.5
0.5
0.5
0.5
0.5
0.4999999999999999
0.5
0.5
0.4999999999999999
0.5
0.5
0.5
Case #12:
0.4287823820808979
0.4242376290527752
0.541559419137938
0.5231802040830318
0.5298757310676611
0.4502532819882291
0.3935444129556248
0.557584629711924
0.4374550338013393
0.5332177553354728
0.5017980323971296
0.47152556545790447
0.5537352996575926
0.5502401150259897
0.5437920237069123
0.5381877074390595
0.5089962257202456
0.4991822908720899
0.5277119934433572
0.5348556031656647
0.5264500426453496
0.43678079546668236
0.5455605678745634
0.5499773783095924
0.5434384459790722
0.5543583539964603
0.5150603604828822
0.4659293697706105
0.551092659677465
0.4994244006791184
0.5230948770520341
0.4951977079688049
0.5592241481988407
0.4321612600462008
0.5067730766668479
0.5223411713216324
0.5250563989968415
0.5372601176117817
0.4431896382526623
0.4286973563771279
0.48300967499866937
0.4910723880006902
0.5345286931693287
0.5081331405111525
0.42466235051270856
0.44513208367315277
0.5353958343733545
0.5207142273802015
0.4717366862033062
0.5619098697023754
0.511412114305352
0.5237823073472613
0.5063421255105058
0.5386785318452634
0.4036806768157003
0.4837954832737616
0.5202537346726364
0.44995728769873133
0.5145608289054469
0.43624903939076376
0.5330382585928773
0.47554912908709335
0.4859470521879432
0.4797948504863234
0.42729234429928153
0.5268914853583513
0.4808315443340383
0.511574106217483
0.4800534271178226
0.4766984260303452
0.4892659777214102
0.4951056110092794
0.5078741325323407
0.5200252278911408
0.5243052508567905
0.5612683868144912
0.4165449204705138
0.5418663211148446
0.475737558836673
0.4386105435941917
0.4705338357543311
0.5451028242533957
0.5168604365003849
0.5216803059098072
0.4439330740972684
0.5524773704004811
Case #13:
0.5496068860257272
0.5323349166912824
0.5345818047253624
0.5692299405677022
0.5316458512414031
0.4204595411267896
0.41732928190320906
0.5259202789216902
0.41264372454976705
0.49767617220701366
0.42213208194797247
0.5297288889829266
0.4351898804910423
0.5091945652249472
0.5122497902849579
0.5399947125418115
0.42298715128195713
0.4966893490324274
0.4475623256239253
0.526918043141427
0.5472044590226933
0.5638121389309708
0.5021107438914294
0.5453146080900872
0.5287361549212263
0.505313809565786
0.5455026575710877
0.47224926817506047
0.4330487058461636
0.4190211608707445
0.41232796860163706
0.4312128116109797
0.5638376789352627
0.41455681033779596
0.5332616372622232
0.523018937580414
0.4360707791365206
0.4583826379439903
0.5433113903293147
0.4629469052577886
0.5248821351180689
0.5422673682962458
0.40337993723679366
0.5189224953282986
0.556266659900172
0.38200844532075207
0.49100689309888834
0.5013232571531779
0.5098737584801598
0.562543040591353
0.519999883801389
0.4180621949792053
0.5637510676695558
0.49846273463954005
0.5382363887635486
0.5474866831746742
0.4723715183413966
0.5323421830462189
0.5087060892924264
0.49107175567428385
0.487155688568896
0.48643696569800843
0.5541556532396282
0.5164338183775943
0.5444235316455608
0.5112988004929013
0.49455188882464185
0.5412070947134007
0.5248312061954956
0.508485987027689
0.5495912315747756
0.5545328611014827
0.4011971766978483
0.476124179142164
0.5077637985821237
0.5504867455860776
0.5315210387819782
0.5418937612735278
0.48409641939490666
0.5432404574767795
0.5145804298789501
0.4509013739912757
0.4934184905952325
Case #14:
0.4853629024019311
0.5306245438564162
0.526979213705066
0.5821387064639906
0.5496835577091258
0.43160257167409044
0.44968379895767613
0.5184898515713156
0.5263324229548978
0.43034381334604543
0.5160735552026137
0.5971680158272806
0.5084193936847912
0.3990883881630635
0.42960233714698
0.4926848701067451
0.5610782071420986
0.4276900539035279
0.4373825562852552
0.5668570444706809
0.6003011077726986
0.4747977174866379
0.42940214491984985
0.5551420070852491
0.30373701162053435
0.4580627288092566
0.45484599785736146
0.5965107670708321
0.4881216970259178
0.3878656999415928
0.4672247695536386
0.5613516308727348
0.45953746792147027
0.5565443956763401
0.5234073749379872
0.5388711935761449
0.4706193699453304
0.5676140264607525
0.6196742525589589
0.49340479779574165
0.4922688100339616
0.5120228951218535
0.49605716811189904
0.596660052910053
0.5527209813194662
0.5303051458604144
0.6094314960832818
0.5970655436034223
0.3132160077376528
0.3087178026956552
0.5069576446280992
0.5650228459438663
Case #15:
0.625
0.6224747474747475
0.6199494949494949
0.6174242424242424
0.6148989898989898
0.6123737373737373
0.6098484848484849
0.6073232323232323
0.6047979797979798
0.6022727272727273
0.5997474747474747
0.5972222222222222
0.5946969696969697
0.5921717171717171
0.5896464646464646
0.5871212121212122
0.5845959595959596
0.5820707070707071
0.5795454545454546
0.577020202020202
0.5744949494949495
0.571969696969697
0.5694444444444444
0.5669191919191919
0.5643939393939394
0.5618686868686869
0.5593434343434344
0.5568181818181819
0.5542929292929293
0.5517676767676768
0.5492424242424243
0.5467171717171717
0.5441919191919192
0.5416666666666666
0.5391414141414141
0.5366161616161617
0.5340909090909091
0.5315656565656566
0.529040404040404
0.5265151515151515
0.523989898989899
0.5214646464646464
0.5189393939393939
0.5164141414141414
0.5138888888888888
0.5113636363636364
0.5088383838383839
0.5063131313131313
0.5037878787878788
0.5012626262626263
0.49873737373737376
0.4962121212121212
0.4936868686868687
0.49116161616161613
0.48863636363636365
0.4861111111111111
0.48358585858585856
0.4810606060606061
0.47853535353535354
0.476010101010101
0.4734848484848485
0.47095959595959597
0.4684343434343434
0.46590909090909094
0.4633838383838384
0.46085858585858586
0.4583333333333333
0.45580808080808083
0.4532828282828283
0.45075757575757575
0.4482323232323232
0.4457070707070707
0.4431818181818182
0.44065656565656564
0.43813131313131315
0.4356060606060606
0.43308080808080807
0.4305555555555556
0.42803030303030304
0.4255050505050505
0.42297979797979796
0.42045454545454547
0.41792929292929293
0.4154040404040404
0.4128787878787879
0.41035353535353536
0.4078282828282828
0.4053030303030303
0.4027777777777778
0.40025252525252525
0.3977272727272727
0.3952020202020202
0.3926767676767677
0.39015151515151514
0.38762626262626265
0.3851010101010101
0.38257575757575757
0.380050505050505
0.37752525252525254
0.375
Case #16:
0.4089022867750046
0.5499941650723391
0.5124738085673981
0.5122697653223298
0.4933515901448172
0.4716635182186312
0.5343070389717774
0.5361799451005497
0.5274014727636591
0.5086953952755243
0.41160992157611037
0.5219498584843514
0.45560620985806033
0.5292297656301441
0.468869464107396
0.526846324218593
0.4877490972296795
0.4461848365087453
0.5006381177161245
0.5195705940921277
0.4332233351972861
0.5316678528245594
0.5310271516954642
0.5419817672101835
0.5024155865345786
0.5471199773223105
0.532324591086259
0.45187488354059024
0.5285062158644266
0.44971714036601595
0.47404736556152277
0.4486538079038986
0.4799199990264234
0.5428575258297619
0.5533142028633997
0.44008516162933625
0.43581984310704813
0.5311589146870219
0.49535363238462465
0.5287509545508104
0.5317919849660407
0.5602019035828135
0.4372632479039622
0.5362477462698088
0.40341111034824045
0.5176915414987676
0.5027245371428481
0.4936657040537506
0.5589570273428549
0.5266253303870819
0.43220578781314
0.525487810117271
0.5369829814261743
0.5137054009449722
0.5439384353805597
0.5350953554799233
0.4355024357192543
Case #17:
0.38797253668803505
0.4137294035189983
0.5277094180045588
0.5191313655288058
0.5526639019473201
0.4033979644864553
0.5569676406654032
0.5588978679759203
0.5185627303736287
0.5581744830331674
0.4574602388582306
0.5603742908526683
0.47774740014476397
0.4765601144324809
0.5248339379202129
0.5003382528104916
0.5287820400057854
0.4752996229223224
0.5262100290177185
0.5584022256806566
0.4088269072477275
0.48576890893791946
0.47695705861361887
0.5305694848236103
0.5245396875727882
0.5270584750273446
0.5575494600320579
0.5392664079788826
0.4421346244029165
0.5566929557856404
0.48777993727811975
0.4903929618853069
0.5118825234513709
0.5098225379142973
0.5142068598933096
0.5034100180674422
0.5054120463757497
0.47627373130727174
0.4965156448032576
0.48916401240596485
0.4228266610408533
0.5518068776948946
0.5072767675422516
0.5125315046829184
0.5009451432349683
0.38647040953533096
0.4847015529547649
0.4634379884788782
0.5549771169406913
0.41649644999036106
0.4476969879196771
0.4836527237596761
0.5265076301280454
0.5295590927845569
0.5713485525895503
Case #18:
0.4830518329458707
0.5056693309896119
0.47581427026230183
0.4566198389276598
0.481992187731911
0.435946869425204
0.5142008726052287
0.5022769470949885
0.4953725889838095
0.5591580126368729
0.41999552871854967
0.4985799395280234
0.46767040674009785
0.5484166126377437
0.4263807180830442
0.5331383623692832
0.41014874351149655
0.39816212750239255
0.4461267698005409
0.4881231840961765
0.5390433020274059
0.5524370693304517
0.4735031948430103
0.5005742305052752
0.5690933256246551
0.5488004975505865
0.4737178543243806
0.5654961449242633
0.40900682320325177
0.43988389178044823
0.398121355846477
0.4639288189886147
0.4047013708441057
0.4930649706365684
0.5628081996096949
0.5482821918222335
0.5309568315867057
0.6104051372542686
0.5827702972572946
0.5577719996125202
0.6153091051995181
0.5750489840067634
0.3880139255609157
0.6020483192262639
0.35982827248771854
0.6120802073005177
Case #19:
0.4556718412009191
0.5432407482134516
0.5078959250407797
0.40469296962820045
0.47864060589184354
0.5132181930563136
0.541312222867406
0.547793265930229
0.5398164112554399
0.44623330582798554
0.4706593677440084
0.5371568503781146
0.47598101783299873
0.5504546955370205
0.4626838182351811
0.51177217760488
0.3961851400672418
0.5398133057668361
0.5323854192434516
0.5052388236379447
0.5460794483482893
0.5158777675243986
0.45470006579679134
0.4352493770500921
0.5158746072197306
0.5211975348401376
0.543257511681796
0.49991845198642176
0.4866212116163249
0.38658987635792574
0.4630153238817256
0.486381899570299
0.5289252078819141
0.5185354456284726
0.5238558313237806
0.5211993899788441
0.5226214086130792
0.5344928652554639
0.5075711240972496
0.5398151744963022
0.4307614356565099
0.5525856678295774
0.48395913644844507
0.5105580002086597
0.5114908551549778
0.526519170885343
0.501041765694491
0.5451355601916101
0.46001925595826615
0.44406176792445096
0.38569978978494507
0.545985462698891
0.5158790178742962
0.4424417715895431
0.5291805869013746
0.5344960119693722
0.4737186396454617
0.5105561314791935
0.5344953935898036
0.5459984392858644
0.4196583293500862
0.5158771355540702
0.4925744676010888
0.4919378186273957
0.5271092022453183
0.5078958838154752
0.5245816273209621
0.5390877395877549
0.5211956525199117
0.40948358956193165
0.5318370694716158
0.5504578146163842
0.5367106744414589
0.5079009128496096
0.4999178200160933
0.550451576457657
0.4972601278682341
0.5516097942792548
0.4972601142774744
0.4383662053875103
0.4224036517881997
0.4839603867983424
0.526517288565117
0.5061455430669517
0.5078965293765636
0.49193911020259773
0.4706562622554046
0.5448017161833689
0.5185354184469533
0.5344459696057684
0.5158765171745012
0.42275306784801286
0.4553318145733448
0.4892795221437528
0.49725574439518816
Case #20:
0.5144176364503179
0.47204531504912095
0.5304154979263201
0.5092164856099072
0.47359806639316715
0.44349996556988985
0.4211690261999713
0.5372457579002454
0.49700150352812866
0.5132347356140846
0.4915484846703565
0.5561218438098501
0.40517226847627136
0.4629222417748956
0.48099171952162756
0.5557868655178717
0.48805402473229237
0.4726344751000421
0.5099916229832382
0.4422233998272198
0.4922821373545013
0.4882521130536852
0.4694784645866795
0.452242580705842
0.5443734065453877
0.5697470297911004
0.44180032444572587
0.5207703923285577
0.4882129718667969
0.5451487941398612
0.4938448449215276
0.5676130652423002
0.5538649657788917
0.5171485545489829
0.5071492572374214
0.5212537173902592
0.449977722371108
0.4930877015225693
0.4695012339615277
0.4880749461719566
0.5318655925862086
0.44030842386474556
0.5831124064739915
0.42491325397595286
0.40784324342247
0.5386712644631969
0.5269825712527372
0.5314078768580479
0.5662316142755474
0.4834931977380954
0.551127706571049
0.5766063897876763
0.5189639551328232
0.49421364994353534
0.46350343412417655
0.46116710632830765
0.4112803488760356
0.47630118945575034
0.5168186763877638
0.5384452719295372
0.5165540526653019
0.5453956706542338
0.4353225930993375
0.38660783937931875
0.41375733045730756
0.5527746314327162
0.5253197818814582
0.5361007358244673
0.4825321670192782
0.4488212271814159
0.3862021676067043
0.5778714355487833
0.47116447440799447
0.46535236358885435
0.5056477824328839
0.5603711950628478
0.5539436832133411
0.486812159862058
0.5142936064273921
0.5038332274519783
0.3843076652732979
0.5802560513088341
0.3882454629672214
0.48070614143353413
0.538560509984954
0.5314241062015463
0.5309911611499227
0.47572742538212626
0.5575363970640421
0.577504944818068
0.5711080101516636
0.4778969956157634
0.421631412517697
0.5225571722215093
0.5566120048051189
0.5394384304511886
0.5485551001102049
0.4987945518353962
0.5538878959154141
0.5103497801594464
